<?xml version="1.0" encoding="UTF-8"?>
<!-- Generated by org.testng.reporters.JUnitReportReporter -->
<testsuite hostname="SUMANLAPTOP20" failures="0" tests="1" name="com.lambdatest.TestNGTodo2" time="5.413" errors="0" timestamp="16 Feb 2024 04:28:44 GMT" skipped="0">
  <testcase classname="com.lambdatest.TestNGTodo2" name="basicTest" time="5.413"/>
</testsuite> <!-- com.lambdatest.TestNGTodo2 -->
